The system is: Linux - 3.10.0-957.10.1.el7.x86_64 - x86_64
Compiling the C compiler identification source file "CMakeCCompilerId.c" succeeded.
Compiler: /usr/local/bin/cc 
Build flags: 
Id flags: 

The output was:
0


Compilation of the C compiler identification source "CMakeCCompilerId.c" produced "a.out"

The C compiler identification is GNU, found in "/home/haiqwa/Documents/learning/master-1/algorithm/hw1/build/CMakeFiles/2.8.12.2/CompilerIdC/a.out"

Compiling the CXX compiler identification source file "CMakeCXXCompilerId.cpp" succeeded.
Compiler: /usr/local/bin/c++ 
Build flags: 
Id flags: 

The output was:
0


Compilation of the CXX compiler identification source "CMakeCXXCompilerId.cpp" produced "a.out"

The CXX compiler identification is GNU, found in "/home/haiqwa/Documents/learning/master-1/algorithm/hw1/build/CMakeFiles/2.8.12.2/CompilerIdCXX/a.out"

Determining if the C compiler works passed with the following output:
Change Dir: /home/haiqwa/Documents/learning/master-1/algorithm/hw1/build/CMakeFiles/CMakeTmp

Run Build Command:/usr/bin/gmake "cmTryCompileExec2887631091/fast"
/usr/bin/gmake -f CMakeFiles/cmTryCompileExec2887631091.dir/build.make CMakeFiles/cmTryCompileExec2887631091.dir/build
gmake[1]: Entering directory `/home/haiqwa/Documents/learning/master-1/algorithm/hw1/build/CMakeFiles/CMakeTmp'
/usr/bin/cmake -E cmake_progress_report /home/haiqwa/Documents/learning/master-1/algorithm/hw1/build/CMakeFiles/CMakeTmp/CMakeFiles 1
Building C object CMakeFiles/cmTryCompileExec2887631091.dir/testCCompiler.c.o
/usr/local/bin/cc    -o CMakeFiles/cmTryCompileExec2887631091.dir/testCCompiler.c.o   -c /home/haiqwa/Documents/learning/master-1/algorithm/hw1/build/CMakeFiles/CMakeTmp/testCCompiler.c
Linking C executable cmTryCompileExec2887631091
/usr/bin/cmake -E cmake_link_script CMakeFiles/cmTryCompileExec2887631091.dir/link.txt --verbose=1
/usr/local/bin/cc       CMakeFiles/cmTryCompileExec2887631091.dir/testCCompiler.c.o  -o cmTryCompileExec2887631091 -rdynamic 
gmake[1]: Leaving directory `/home/haiqwa/Documents/learning/master-1/algorithm/hw1/build/CMakeFiles/CMakeTmp'


Detecting C compiler ABI info compiled with the following output:
Change Dir: /home/haiqwa/Documents/learning/master-1/algorithm/hw1/build/CMakeFiles/CMakeTmp

Run Build Command:/usr/bin/gmake "cmTryCompileExec2431915105/fast"
/usr/bin/gmake -f CMakeFiles/cmTryCompileExec2431915105.dir/build.make CMakeFiles/cmTryCompileExec2431915105.dir/build
gmake[1]: Entering directory `/home/haiqwa/Documents/learning/master-1/algorithm/hw1/build/CMakeFiles/CMakeTmp'
/usr/bin/cmake -E cmake_progress_report /home/haiqwa/Documents/learning/master-1/algorithm/hw1/build/CMakeFiles/CMakeTmp/CMakeFiles 1
Building C object CMakeFiles/cmTryCompileExec2431915105.dir/CMakeCCompilerABI.c.o
/usr/local/bin/cc    -o CMakeFiles/cmTryCompileExec2431915105.dir/CMakeCCompilerABI.c.o   -c /usr/share/cmake/Modules/CMakeCCompilerABI.c
Linking C executable cmTryCompileExec2431915105
/usr/bin/cmake -E cmake_link_script CMakeFiles/cmTryCompileExec2431915105.dir/link.txt --verbose=1
/usr/local/bin/cc     -v CMakeFiles/cmTryCompileExec2431915105.dir/CMakeCCompilerABI.c.o  -o cmTryCompileExec2431915105 -rdynamic  
Using built-in specs.
COLLECT_GCC=/usr/local/bin/cc
COLLECT_LTO_WRAPPER=/usr/local/libexec/gcc/x86_64-unknown-linux-gnu/5.4.0/lto-wrapper
Target: x86_64-unknown-linux-gnu
Configured with: ../configure --enable-checking=release --enable-languages=c,c++ --disable-multilib
Thread model: posix
gcc version 5.4.0 (GCC) 
COMPILER_PATH=/usr/local/libexec/gcc/x86_64-unknown-linux-gnu/5.4.0/:/usr/local/libexec/gcc/x86_64-unknown-linux-gnu/5.4.0/:/usr/local/libexec/gcc/x86_64-unknown-linux-gnu/:/usr/local/lib/gcc/x86_64-unknown-linux-gnu/5.4.0/:/usr/local/lib/gcc/x86_64-unknown-linux-gnu/
LIBRARY_PATH=/usr/local/lib/gcc/x86_64-unknown-linux-gnu/5.4.0/:/usr/local/lib/gcc/x86_64-unknown-linux-gnu/5.4.0/../../../../lib64/:/lib/../lib64/:/usr/lib/../lib64/:/usr/local/lib/gcc/x86_64-unknown-linux-gnu/5.4.0/../../../:/lib/:/usr/lib/
COLLECT_GCC_OPTIONS='-v' '-o' 'cmTryCompileExec2431915105' '-rdynamic' '-mtune=generic' '-march=x86-64'
 /usr/local/libexec/gcc/x86_64-unknown-linux-gnu/5.4.0/collect2 -plugin /usr/local/libexec/gcc/x86_64-unknown-linux-gnu/5.4.0/liblto_plugin.so -plugin-opt=/usr/local/libexec/gcc/x86_64-unknown-linux-gnu/5.4.0/lto-wrapper -plugin-opt=-fresolution=/tmp/ccyHP4JL.res -plugin-opt=-pass-through=-lgcc -plugin-opt=-pass-through=-lgcc_s -plugin-opt=-pass-through=-lc -plugin-opt=-pass-through=-lgcc -plugin-opt=-pass-through=-lgcc_s --eh-frame-hdr -m elf_x86_64 -export-dynamic -dynamic-linker /lib64/ld-linux-x86-64.so.2 -o cmTryCompileExec2431915105 /lib/../lib64/crt1.o /lib/../lib64/crti.o /usr/local/lib/gcc/x86_64-unknown-linux-gnu/5.4.0/crtbegin.o -L/usr/local/lib/gcc/x86_64-unknown-linux-gnu/5.4.0 -L/usr/local/lib/gcc/x86_64-unknown-linux-gnu/5.4.0/../../../../lib64 -L/lib/../lib64 -L/usr/lib/../lib64 -L/usr/local/lib/gcc/x86_64-unknown-linux-gnu/5.4.0/../../.. CMakeFiles/cmTryCompileExec2431915105.dir/CMakeCCompilerABI.c.o -lgcc --as-needed -lgcc_s --no-as-needed -lc -lgcc --as-needed -lgcc_s --no-as-needed /usr/local/lib/gcc/x86_64-unknown-linux-gnu/5.4.0/crtend.o /lib/../lib64/crtn.o
gmake[1]: Leaving directory `/home/haiqwa/Documents/learning/master-1/algorithm/hw1/build/CMakeFiles/CMakeTmp'


Parsed C implicit link information from above output:
  link line regex: [^( *|.*[/\])(ld|([^/\]+-)?ld|collect2)[^/\]*( |$)]
  ignore line: [Change Dir: /home/haiqwa/Documents/learning/master-1/algorithm/hw1/build/CMakeFiles/CMakeTmp]
  ignore line: []
  ignore line: [Run Build Command:/usr/bin/gmake "cmTryCompileExec2431915105/fast"]
  ignore line: [/usr/bin/gmake -f CMakeFiles/cmTryCompileExec2431915105.dir/build.make CMakeFiles/cmTryCompileExec2431915105.dir/build]
  ignore line: [gmake[1]: Entering directory `/home/haiqwa/Documents/learning/master-1/algorithm/hw1/build/CMakeFiles/CMakeTmp']
  ignore line: [/usr/bin/cmake -E cmake_progress_report /home/haiqwa/Documents/learning/master-1/algorithm/hw1/build/CMakeFiles/CMakeTmp/CMakeFiles 1]
  ignore line: [Building C object CMakeFiles/cmTryCompileExec2431915105.dir/CMakeCCompilerABI.c.o]
  ignore line: [/usr/local/bin/cc    -o CMakeFiles/cmTryCompileExec2431915105.dir/CMakeCCompilerABI.c.o   -c /usr/share/cmake/Modules/CMakeCCompilerABI.c]
  ignore line: [Linking C executable cmTryCompileExec2431915105]
  ignore line: [/usr/bin/cmake -E cmake_link_script CMakeFiles/cmTryCompileExec2431915105.dir/link.txt --verbose=1]
  ignore line: [/usr/local/bin/cc     -v CMakeFiles/cmTryCompileExec2431915105.dir/CMakeCCompilerABI.c.o  -o cmTryCompileExec2431915105 -rdynamic  ]
  ignore line: [Using built-in specs.]
  ignore line: [COLLECT_GCC=/usr/local/bin/cc]
  ignore line: [COLLECT_LTO_WRAPPER=/usr/local/libexec/gcc/x86_64-unknown-linux-gnu/5.4.0/lto-wrapper]
  ignore line: [Target: x86_64-unknown-linux-gnu]
  ignore line: [Configured with: ../configure --enable-checking=release --enable-languages=c,c++ --disable-multilib]
  ignore line: [Thread model: posix]
  ignore line: [gcc version 5.4.0 (GCC) ]
  ignore line: [COMPILER_PATH=/usr/local/libexec/gcc/x86_64-unknown-linux-gnu/5.4.0/:/usr/local/libexec/gcc/x86_64-unknown-linux-gnu/5.4.0/:/usr/local/libexec/gcc/x86_64-unknown-linux-gnu/:/usr/local/lib/gcc/x86_64-unknown-linux-gnu/5.4.0/:/usr/local/lib/gcc/x86_64-unknown-linux-gnu/]
  ignore line: [LIBRARY_PATH=/usr/local/lib/gcc/x86_64-unknown-linux-gnu/5.4.0/:/usr/local/lib/gcc/x86_64-unknown-linux-gnu/5.4.0/../../../../lib64/:/lib/../lib64/:/usr/lib/../lib64/:/usr/local/lib/gcc/x86_64-unknown-linux-gnu/5.4.0/../../../:/lib/:/usr/lib/]
  ignore line: [COLLECT_GCC_OPTIONS='-v' '-o' 'cmTryCompileExec2431915105' '-rdynamic' '-mtune=generic' '-march=x86-64']
  link line: [ /usr/local/libexec/gcc/x86_64-unknown-linux-gnu/5.4.0/collect2 -plugin /usr/local/libexec/gcc/x86_64-unknown-linux-gnu/5.4.0/liblto_plugin.so -plugin-opt=/usr/local/libexec/gcc/x86_64-unknown-linux-gnu/5.4.0/lto-wrapper -plugin-opt=-fresolution=/tmp/ccyHP4JL.res -plugin-opt=-pass-through=-lgcc -plugin-opt=-pass-through=-lgcc_s -plugin-opt=-pass-through=-lc -plugin-opt=-pass-through=-lgcc -plugin-opt=-pass-through=-lgcc_s --eh-frame-hdr -m elf_x86_64 -export-dynamic -dynamic-linker /lib64/ld-linux-x86-64.so.2 -o cmTryCompileExec2431915105 /lib/../lib64/crt1.o /lib/../lib64/crti.o /usr/local/lib/gcc/x86_64-unknown-linux-gnu/5.4.0/crtbegin.o -L/usr/local/lib/gcc/x86_64-unknown-linux-gnu/5.4.0 -L/usr/local/lib/gcc/x86_64-unknown-linux-gnu/5.4.0/../../../../lib64 -L/lib/../lib64 -L/usr/lib/../lib64 -L/usr/local/lib/gcc/x86_64-unknown-linux-gnu/5.4.0/../../.. CMakeFiles/cmTryCompileExec2431915105.dir/CMakeCCompilerABI.c.o -lgcc --as-needed -lgcc_s --no-as-needed -lc -lgcc --as-needed -lgcc_s --no-as-needed /usr/local/lib/gcc/x86_64-unknown-linux-gnu/5.4.0/crtend.o /lib/../lib64/crtn.o]
    arg [/usr/local/libexec/gcc/x86_64-unknown-linux-gnu/5.4.0/collect2] ==> ignore
    arg [-plugin] ==> ignore
    arg [/usr/local/libexec/gcc/x86_64-unknown-linux-gnu/5.4.0/liblto_plugin.so] ==> ignore
    arg [-plugin-opt=/usr/local/libexec/gcc/x86_64-unknown-linux-gnu/5.4.0/lto-wrapper] ==> ignore
    arg [-plugin-opt=-fresolution=/tmp/ccyHP4JL.res] ==> ignore
    arg [-plugin-opt=-pass-through=-lgcc] ==> ignore
    arg [-plugin-opt=-pass-through=-lgcc_s] ==> ignore
    arg [-plugin-opt=-pass-through=-lc] ==> ignore
    arg [-plugin-opt=-pass-through=-lgcc] ==> ignore
    arg [-plugin-opt=-pass-through=-lgcc_s] ==> ignore
    arg [--eh-frame-hdr] ==> ignore
    arg [-m] ==> ignore
    arg [elf_x86_64] ==> ignore
    arg [-export-dynamic] ==> ignore
    arg [-dynamic-linker] ==> ignore
    arg [/lib64/ld-linux-x86-64.so.2] ==> ignore
    arg [-o] ==> ignore
    arg [cmTryCompileExec2431915105] ==> ignore
    arg [/lib/../lib64/crt1.o] ==> ignore
    arg [/lib/../lib64/crti.o] ==> ignore
    arg [/usr/local/lib/gcc/x86_64-unknown-linux-gnu/5.4.0/crtbegin.o] ==> ignore
    arg [-L/usr/local/lib/gcc/x86_64-unknown-linux-gnu/5.4.0] ==> dir [/usr/local/lib/gcc/x86_64-unknown-linux-gnu/5.4.0]
    arg [-L/usr/local/lib/gcc/x86_64-unknown-linux-gnu/5.4.0/../../../../lib64] ==> dir [/usr/local/lib/gcc/x86_64-unknown-linux-gnu/5.4.0/../../../../lib64]
    arg [-L/lib/../lib64] ==> dir [/lib/../lib64]
    arg [-L/usr/lib/../lib64] ==> dir [/usr/lib/../lib64]
    arg [-L/usr/local/lib/gcc/x86_64-unknown-linux-gnu/5.4.0/../../..] ==> dir [/usr/local/lib/gcc/x86_64-unknown-linux-gnu/5.4.0/../../..]
    arg [CMakeFiles/cmTryCompileExec2431915105.dir/CMakeCCompilerABI.c.o] ==> ignore
    arg [-lgcc] ==> lib [gcc]
    arg [--as-needed] ==> ignore
    arg [-lgcc_s] ==> lib [gcc_s]
    arg [--no-as-needed] ==> ignore
    arg [-lc] ==> lib [c]
    arg [-lgcc] ==> lib [gcc]
    arg [--as-needed] ==> ignore
    arg [-lgcc_s] ==> lib [gcc_s]
    arg [--no-as-needed] ==> ignore
    arg [/usr/local/lib/gcc/x86_64-unknown-linux-gnu/5.4.0/crtend.o] ==> ignore
    arg [/lib/../lib64/crtn.o] ==> ignore
  remove lib [gcc]
  remove lib [gcc_s]
  remove lib [gcc]
  remove lib [gcc_s]
  collapse library dir [/usr/local/lib/gcc/x86_64-unknown-linux-gnu/5.4.0] ==> [/usr/local/lib/gcc/x86_64-unknown-linux-gnu/5.4.0]
  collapse library dir [/usr/local/lib/gcc/x86_64-unknown-linux-gnu/5.4.0/../../../../lib64] ==> [/usr/local/lib64]
  collapse library dir [/lib/../lib64] ==> [/lib64]
  collapse library dir [/usr/lib/../lib64] ==> [/usr/lib64]
  collapse library dir [/usr/local/lib/gcc/x86_64-unknown-linux-gnu/5.4.0/../../..] ==> [/usr/local/lib]
  implicit libs: [c]
  implicit dirs: [/usr/local/lib/gcc/x86_64-unknown-linux-gnu/5.4.0;/usr/local/lib64;/lib64;/usr/lib64;/usr/local/lib]
  implicit fwks: []


Determining if the CXX compiler works passed with the following output:
Change Dir: /home/haiqwa/Documents/learning/master-1/algorithm/hw1/build/CMakeFiles/CMakeTmp

Run Build Command:/usr/bin/gmake "cmTryCompileExec1586619293/fast"
/usr/bin/gmake -f CMakeFiles/cmTryCompileExec1586619293.dir/build.make CMakeFiles/cmTryCompileExec1586619293.dir/build
gmake[1]: Entering directory `/home/haiqwa/Documents/learning/master-1/algorithm/hw1/build/CMakeFiles/CMakeTmp'
/usr/bin/cmake -E cmake_progress_report /home/haiqwa/Documents/learning/master-1/algorithm/hw1/build/CMakeFiles/CMakeTmp/CMakeFiles 1
Building CXX object CMakeFiles/cmTryCompileExec1586619293.dir/testCXXCompiler.cxx.o
/usr/local/bin/c++     -o CMakeFiles/cmTryCompileExec1586619293.dir/testCXXCompiler.cxx.o -c /home/haiqwa/Documents/learning/master-1/algorithm/hw1/build/CMakeFiles/CMakeTmp/testCXXCompiler.cxx
Linking CXX executable cmTryCompileExec1586619293
/usr/bin/cmake -E cmake_link_script CMakeFiles/cmTryCompileExec1586619293.dir/link.txt --verbose=1
/usr/local/bin/c++        CMakeFiles/cmTryCompileExec1586619293.dir/testCXXCompiler.cxx.o  -o cmTryCompileExec1586619293 -rdynamic 
gmake[1]: Leaving directory `/home/haiqwa/Documents/learning/master-1/algorithm/hw1/build/CMakeFiles/CMakeTmp'


Detecting CXX compiler ABI info compiled with the following output:
Change Dir: /home/haiqwa/Documents/learning/master-1/algorithm/hw1/build/CMakeFiles/CMakeTmp

Run Build Command:/usr/bin/gmake "cmTryCompileExec4148139587/fast"
/usr/bin/gmake -f CMakeFiles/cmTryCompileExec4148139587.dir/build.make CMakeFiles/cmTryCompileExec4148139587.dir/build
gmake[1]: Entering directory `/home/haiqwa/Documents/learning/master-1/algorithm/hw1/build/CMakeFiles/CMakeTmp'
/usr/bin/cmake -E cmake_progress_report /home/haiqwa/Documents/learning/master-1/algorithm/hw1/build/CMakeFiles/CMakeTmp/CMakeFiles 1
Building CXX object CMakeFiles/cmTryCompileExec4148139587.dir/CMakeCXXCompilerABI.cpp.o
/usr/local/bin/c++     -o CMakeFiles/cmTryCompileExec4148139587.dir/CMakeCXXCompilerABI.cpp.o -c /usr/share/cmake/Modules/CMakeCXXCompilerABI.cpp
Linking CXX executable cmTryCompileExec4148139587
/usr/bin/cmake -E cmake_link_script CMakeFiles/cmTryCompileExec4148139587.dir/link.txt --verbose=1
/usr/local/bin/c++      -v CMakeFiles/cmTryCompileExec4148139587.dir/CMakeCXXCompilerABI.cpp.o  -o cmTryCompileExec4148139587 -rdynamic  
Using built-in specs.
COLLECT_GCC=/usr/local/bin/c++
COLLECT_LTO_WRAPPER=/usr/local/libexec/gcc/x86_64-unknown-linux-gnu/5.4.0/lto-wrapper
Target: x86_64-unknown-linux-gnu
Configured with: ../configure --enable-checking=release --enable-languages=c,c++ --disable-multilib
Thread model: posix
gcc version 5.4.0 (GCC) 
COMPILER_PATH=/usr/local/libexec/gcc/x86_64-unknown-linux-gnu/5.4.0/:/usr/local/libexec/gcc/x86_64-unknown-linux-gnu/5.4.0/:/usr/local/libexec/gcc/x86_64-unknown-linux-gnu/:/usr/local/lib/gcc/x86_64-unknown-linux-gnu/5.4.0/:/usr/local/lib/gcc/x86_64-unknown-linux-gnu/
LIBRARY_PATH=/usr/local/lib/gcc/x86_64-unknown-linux-gnu/5.4.0/:/usr/local/lib/gcc/x86_64-unknown-linux-gnu/5.4.0/../../../../lib64/:/lib/../lib64/:/usr/lib/../lib64/:/usr/local/lib/gcc/x86_64-unknown-linux-gnu/5.4.0/../../../:/lib/:/usr/lib/
COLLECT_GCC_OPTIONS='-v' '-o' 'cmTryCompileExec4148139587' '-rdynamic' '-shared-libgcc' '-mtune=generic' '-march=x86-64'
 /usr/local/libexec/gcc/x86_64-unknown-linux-gnu/5.4.0/collect2 -plugin /usr/local/libexec/gcc/x86_64-unknown-linux-gnu/5.4.0/liblto_plugin.so -plugin-opt=/usr/local/libexec/gcc/x86_64-unknown-linux-gnu/5.4.0/lto-wrapper -plugin-opt=-fresolution=/tmp/cc3ZhjqR.res -plugin-opt=-pass-through=-lgcc_s -plugin-opt=-pass-through=-lgcc -plugin-opt=-pass-through=-lc -plugin-opt=-pass-through=-lgcc_s -plugin-opt=-pass-through=-lgcc --eh-frame-hdr -m elf_x86_64 -export-dynamic -dynamic-linker /lib64/ld-linux-x86-64.so.2 -o cmTryCompileExec4148139587 /lib/../lib64/crt1.o /lib/../lib64/crti.o /usr/local/lib/gcc/x86_64-unknown-linux-gnu/5.4.0/crtbegin.o -L/usr/local/lib/gcc/x86_64-unknown-linux-gnu/5.4.0 -L/usr/local/lib/gcc/x86_64-unknown-linux-gnu/5.4.0/../../../../lib64 -L/lib/../lib64 -L/usr/lib/../lib64 -L/usr/local/lib/gcc/x86_64-unknown-linux-gnu/5.4.0/../../.. CMakeFiles/cmTryCompileExec4148139587.dir/CMakeCXXCompilerABI.cpp.o -lstdc++ -lm -lgcc_s -lgcc -lc -lgcc_s -lgcc /usr/local/lib/gcc/x86_64-unknown-linux-gnu/5.4.0/crtend.o /lib/../lib64/crtn.o
gmake[1]: Leaving directory `/home/haiqwa/Documents/learning/master-1/algorithm/hw1/build/CMakeFiles/CMakeTmp'


Parsed CXX implicit link information from above output:
  link line regex: [^( *|.*[/\])(ld|([^/\]+-)?ld|collect2)[^/\]*( |$)]
  ignore line: [Change Dir: /home/haiqwa/Documents/learning/master-1/algorithm/hw1/build/CMakeFiles/CMakeTmp]
  ignore line: []
  ignore line: [Run Build Command:/usr/bin/gmake "cmTryCompileExec4148139587/fast"]
  ignore line: [/usr/bin/gmake -f CMakeFiles/cmTryCompileExec4148139587.dir/build.make CMakeFiles/cmTryCompileExec4148139587.dir/build]
  ignore line: [gmake[1]: Entering directory `/home/haiqwa/Documents/learning/master-1/algorithm/hw1/build/CMakeFiles/CMakeTmp']
  ignore line: [/usr/bin/cmake -E cmake_progress_report /home/haiqwa/Documents/learning/master-1/algorithm/hw1/build/CMakeFiles/CMakeTmp/CMakeFiles 1]
  ignore line: [Building CXX object CMakeFiles/cmTryCompileExec4148139587.dir/CMakeCXXCompilerABI.cpp.o]
  ignore line: [/usr/local/bin/c++     -o CMakeFiles/cmTryCompileExec4148139587.dir/CMakeCXXCompilerABI.cpp.o -c /usr/share/cmake/Modules/CMakeCXXCompilerABI.cpp]
  ignore line: [Linking CXX executable cmTryCompileExec4148139587]
  ignore line: [/usr/bin/cmake -E cmake_link_script CMakeFiles/cmTryCompileExec4148139587.dir/link.txt --verbose=1]
  ignore line: [/usr/local/bin/c++      -v CMakeFiles/cmTryCompileExec4148139587.dir/CMakeCXXCompilerABI.cpp.o  -o cmTryCompileExec4148139587 -rdynamic  ]
  ignore line: [Using built-in specs.]
  ignore line: [COLLECT_GCC=/usr/local/bin/c++]
  ignore line: [COLLECT_LTO_WRAPPER=/usr/local/libexec/gcc/x86_64-unknown-linux-gnu/5.4.0/lto-wrapper]
  ignore line: [Target: x86_64-unknown-linux-gnu]
  ignore line: [Configured with: ../configure --enable-checking=release --enable-languages=c,c++ --disable-multilib]
  ignore line: [Thread model: posix]
  ignore line: [gcc version 5.4.0 (GCC) ]
  ignore line: [COMPILER_PATH=/usr/local/libexec/gcc/x86_64-unknown-linux-gnu/5.4.0/:/usr/local/libexec/gcc/x86_64-unknown-linux-gnu/5.4.0/:/usr/local/libexec/gcc/x86_64-unknown-linux-gnu/:/usr/local/lib/gcc/x86_64-unknown-linux-gnu/5.4.0/:/usr/local/lib/gcc/x86_64-unknown-linux-gnu/]
  ignore line: [LIBRARY_PATH=/usr/local/lib/gcc/x86_64-unknown-linux-gnu/5.4.0/:/usr/local/lib/gcc/x86_64-unknown-linux-gnu/5.4.0/../../../../lib64/:/lib/../lib64/:/usr/lib/../lib64/:/usr/local/lib/gcc/x86_64-unknown-linux-gnu/5.4.0/../../../:/lib/:/usr/lib/]
  ignore line: [COLLECT_GCC_OPTIONS='-v' '-o' 'cmTryCompileExec4148139587' '-rdynamic' '-shared-libgcc' '-mtune=generic' '-march=x86-64']
  link line: [ /usr/local/libexec/gcc/x86_64-unknown-linux-gnu/5.4.0/collect2 -plugin /usr/local/libexec/gcc/x86_64-unknown-linux-gnu/5.4.0/liblto_plugin.so -plugin-opt=/usr/local/libexec/gcc/x86_64-unknown-linux-gnu/5.4.0/lto-wrapper -plugin-opt=-fresolution=/tmp/cc3ZhjqR.res -plugin-opt=-pass-through=-lgcc_s -plugin-opt=-pass-through=-lgcc -plugin-opt=-pass-through=-lc -plugin-opt=-pass-through=-lgcc_s -plugin-opt=-pass-through=-lgcc --eh-frame-hdr -m elf_x86_64 -export-dynamic -dynamic-linker /lib64/ld-linux-x86-64.so.2 -o cmTryCompileExec4148139587 /lib/../lib64/crt1.o /lib/../lib64/crti.o /usr/local/lib/gcc/x86_64-unknown-linux-gnu/5.4.0/crtbegin.o -L/usr/local/lib/gcc/x86_64-unknown-linux-gnu/5.4.0 -L/usr/local/lib/gcc/x86_64-unknown-linux-gnu/5.4.0/../../../../lib64 -L/lib/../lib64 -L/usr/lib/../lib64 -L/usr/local/lib/gcc/x86_64-unknown-linux-gnu/5.4.0/../../.. CMakeFiles/cmTryCompileExec4148139587.dir/CMakeCXXCompilerABI.cpp.o -lstdc++ -lm -lgcc_s -lgcc -lc -lgcc_s -lgcc /usr/local/lib/gcc/x86_64-unknown-linux-gnu/5.4.0/crtend.o /lib/../lib64/crtn.o]
    arg [/usr/local/libexec/gcc/x86_64-unknown-linux-gnu/5.4.0/collect2] ==> ignore
    arg [-plugin] ==> ignore
    arg [/usr/local/libexec/gcc/x86_64-unknown-linux-gnu/5.4.0/liblto_plugin.so] ==> ignore
    arg [-plugin-opt=/usr/local/libexec/gcc/x86_64-unknown-linux-gnu/5.4.0/lto-wrapper] ==> ignore
    arg [-plugin-opt=-fresolution=/tmp/cc3ZhjqR.res] ==> ignore
    arg [-plugin-opt=-pass-through=-lgcc_s] ==> ignore
    arg [-plugin-opt=-pass-through=-lgcc] ==> ignore
    arg [-plugin-opt=-pass-through=-lc] ==> ignore
    arg [-plugin-opt=-pass-through=-lgcc_s] ==> ignore
    arg [-plugin-opt=-pass-through=-lgcc] ==> ignore
    arg [--eh-frame-hdr] ==> ignore
    arg [-m] ==> ignore
    arg [elf_x86_64] ==> ignore
    arg [-export-dynamic] ==> ignore
    arg [-dynamic-linker] ==> ignore
    arg [/lib64/ld-linux-x86-64.so.2] ==> ignore
    arg [-o] ==> ignore
    arg [cmTryCompileExec4148139587] ==> ignore
    arg [/lib/../lib64/crt1.o] ==> ignore
    arg [/lib/../lib64/crti.o] ==> ignore
    arg [/usr/local/lib/gcc/x86_64-unknown-linux-gnu/5.4.0/crtbegin.o] ==> ignore
    arg [-L/usr/local/lib/gcc/x86_64-unknown-linux-gnu/5.4.0] ==> dir [/usr/local/lib/gcc/x86_64-unknown-linux-gnu/5.4.0]
    arg [-L/usr/local/lib/gcc/x86_64-unknown-linux-gnu/5.4.0/../../../../lib64] ==> dir [/usr/local/lib/gcc/x86_64-unknown-linux-gnu/5.4.0/../../../../lib64]
    arg [-L/lib/../lib64] ==> dir [/lib/../lib64]
    arg [-L/usr/lib/../lib64] ==> dir [/usr/lib/../lib64]
    arg [-L/usr/local/lib/gcc/x86_64-unknown-linux-gnu/5.4.0/../../..] ==> dir [/usr/local/lib/gcc/x86_64-unknown-linux-gnu/5.4.0/../../..]
    arg [CMakeFiles/cmTryCompileExec4148139587.dir/CMakeCXXCompilerABI.cpp.o] ==> ignore
    arg [-lstdc++] ==> lib [stdc++]
    arg [-lm] ==> lib [m]
    arg [-lgcc_s] ==> lib [gcc_s]
    arg [-lgcc] ==> lib [gcc]
    arg [-lc] ==> lib [c]
    arg [-lgcc_s] ==> lib [gcc_s]
    arg [-lgcc] ==> lib [gcc]
    arg [/usr/local/lib/gcc/x86_64-unknown-linux-gnu/5.4.0/crtend.o] ==> ignore
    arg [/lib/../lib64/crtn.o] ==> ignore
  remove lib [gcc_s]
  remove lib [gcc]
  remove lib [gcc_s]
  remove lib [gcc]
  collapse library dir [/usr/local/lib/gcc/x86_64-unknown-linux-gnu/5.4.0] ==> [/usr/local/lib/gcc/x86_64-unknown-linux-gnu/5.4.0]
  collapse library dir [/usr/local/lib/gcc/x86_64-unknown-linux-gnu/5.4.0/../../../../lib64] ==> [/usr/local/lib64]
  collapse library dir [/lib/../lib64] ==> [/lib64]
  collapse library dir [/usr/lib/../lib64] ==> [/usr/lib64]
  collapse library dir [/usr/local/lib/gcc/x86_64-unknown-linux-gnu/5.4.0/../../..] ==> [/usr/local/lib]
  implicit libs: [stdc++;m;c]
  implicit dirs: [/usr/local/lib/gcc/x86_64-unknown-linux-gnu/5.4.0;/usr/local/lib64;/lib64;/usr/lib64;/usr/local/lib]
  implicit fwks: []


